{"name": "test_verify_success_add_company", "status": "broken", "statusDetails": {"message": "selenium.common.exceptions.TimeoutException: Message: \nStacktrace:\n0   chromedriver                        0x0000000102a6baa4 cxxbridge1$str$ptr + 2943380\n1   chromedriver                        0x0000000102a63760 cxxbridge1$str$ptr + 2909776\n2   chromedriver                        0x000000010257a2bc _RNvCsgXDX2mvAJAg_7___rustc35___rust_no_alloc_shim_is_unstable_v2 + 74028\n3   chromedriver                        0x00000001025c18ac _RNvCsgXDX2mvAJAg_7___rustc35___rust_no_alloc_shim_is_unstable_v2 + 366364\n4   chromedriver                        0x0000000102602d78 _RNvCsgXDX2mvAJAg_7___rustc35___rust_no_alloc_shim_is_unstable_v2 + 633832\n5   chromedriver                        0x00000001025b5f10 _RNvCsgXDX2mvAJAg_7___rustc35___rust_no_alloc_shim_is_unstable_v2 + 318848\n6   chromedriver                        0x0000000102a2db98 cxxbridge1$str$ptr + 2689672\n7   chromedriver                        0x0000000102a313ac cxxbridge1$str$ptr + 2704028\n8   chromedriver                        0x0000000102a0ea08 cxxbridge1$str$ptr + 2562296\n9   chromedriver                        0x0000000102a31c84 cxxbridge1$str$ptr + 2706292\n10  chromedriver                        0x0000000102a00304 cxxbridge1$str$ptr + 2503156\n11  chromedriver                        0x0000000102a51d58 cxxbridge1$str$ptr + 2837576\n12  chromedriver                        0x0000000102a51edc cxxbridge1$str$ptr + 2837964\n13  chromedriver                        0x0000000102a633b0 cxxbridge1$str$ptr + 2908832\n14  libsystem_pthread.dylib             0x000000019eb3ac0c _pthread_start + 136\n15  libsystem_pthread.dylib             0x000000019eb35b80 thread_start + 8", "trace": "driver = <selenium.webdriver.chrome.webdriver.WebDriver (session=\"6aa54087968725622adfc80fbc17e373\")>, do_login = <function do_login.<locals>._login at 0x104990680>\nscroll_to_bottom = <function scroll_to_bottom.<locals>._scroll at 0x1049907c0>\n\n    def test_verify_success_add_company(driver, do_login, scroll_to_bottom):\n        company = CompaniesPage(driver)\n    \n        do_login()\n        company.click_CompaniesMenu()\n        scroll_to_bottom()\n        company.click_Manage_Company(company_name=\"Avenger Seven\")\n        company.verify_success_open_page_detail_company()\n>       company.verify_company_details(\n            company_name=\"Avenger Seven\",\n            industry_type =\"Hospitality\",\n            company_type = \"Retailer\",\n            country = \"Indonesia\",\n            province = \"DI Yogyakarta\",\n            city = \"KAB Bantul\",\n            district = \"BANGUNTAPAN\",\n            sub_district = \"BATURETNO\",\n            email = \"qatest@mail.com\",\n            phone = \"81210002000\",\n            address = \"Jalan jalan ke keliling indonesia\"\n        )\n\nweb/tests/companies/addCompaniesTests/addCompany_test.py:67: \n_ _ _ _ _ _ _ _ _ _ _ _ _ _ _ _ _ _ _ _ _ _ _ _ _ _ _ _ _ _ _ _ _ _ _ _ _ _ _ _ _ _ _ _ _ _ _ _ _ _ _ _ _ _ _ _ _ _ _ _ _ _ _ _ _ _ _ _ _ _ _ _ _ _ _ _ _ _ _ _ _ _ _ _ _ _ _ _ _ _ _\nweb/pages/companiesLocator/companiesLocator.py:216: in verify_company_details\n    actual = self.get_detail_company()\n             ^^^^^^^^^^^^^^^^^^^^^^^^^\nweb/pages/companiesLocator/companiesLocator.py:199: in get_detail_company\n    \"address\": self.find(self.CompanyAdress_Detail_GetTXT).get_attribute(\"value\").strip(),\n               ^^^^^^^^^^^^^^^^^^^^^^^^^^^^^^^^^^^^^^^^^^^\nweb/pages/base_page.py:13: in find\n    return self.wait.until(EC.visibility_of_element_located(locator))\n           ^^^^^^^^^^^^^^^^^^^^^^^^^^^^^^^^^^^^^^^^^^^^^^^^^^^^^^^^^^\n_ _ _ _ _ _ _ _ _ _ _ _ _ _ _ _ _ _ _ _ _ _ _ _ _ _ _ _ _ _ _ _ _ _ _ _ _ _ _ _ _ _ _ _ _ _ _ _ _ _ _ _ _ _ _ _ _ _ _ _ _ _ _ _ _ _ _ _ _ _ _ _ _ _ _ _ _ _ _ _ _ _ _ _ _ _ _ _ _ _ _\n\nself = <selenium.webdriver.support.wait.WebDriverWait (session=\"6aa54087968725622adfc80fbc17e373\")>\nmethod = <function visibility_of_element_located.<locals>._predicate at 0x10494e8e0>, message = ''\n\n    def until(self, method: Callable[[D], Union[Literal[False], T]], message: str = \"\") -> T:\n        \"\"\"Wait until the method returns a value that is not False.\n    \n        Calls the method provided with the driver as an argument until the\n        return value does not evaluate to ``False``.\n    \n        Parameters:\n        -----------\n        method: callable(WebDriver)\n            - A callable object that takes a WebDriver instance as an argument.\n    \n        message: str\n            - Optional message for :exc:`TimeoutException`\n    \n        Return:\n        -------\n        object: T\n            - The result of the last call to `method`\n    \n        Raises:\n        -------\n        TimeoutException\n            - If 'method' does not return a truthy value within the WebDriverWait\n            object's timeout\n    \n        Example:\n        --------\n        >>> from selenium.webdriver.common.by import By\n        >>> from selenium.webdriver.support.ui import WebDriverWait\n        >>> from selenium.webdriver.support import expected_conditions as EC\n    \n        # Wait until an element is visible on the page\n        >>> wait = WebDriverWait(driver, 10)\n        >>> element = wait.until(EC.visibility_of_element_located((By.ID, \"exampleId\")))\n        >>> print(element.text)\n        \"\"\"\n        screen = None\n        stacktrace = None\n    \n        end_time = time.monotonic() + self._timeout\n        while True:\n            try:\n                value = method(self._driver)\n                if value:\n                    return value\n            except self._ignored_exceptions as exc:\n                screen = getattr(exc, \"screen\", None)\n                stacktrace = getattr(exc, \"stacktrace\", None)\n            if time.monotonic() > end_time:\n                break\n            time.sleep(self._poll)\n>       raise TimeoutException(message, screen, stacktrace)\nE       selenium.common.exceptions.TimeoutException: Message: \nE       Stacktrace:\nE       0   chromedriver                        0x0000000102a6baa4 cxxbridge1$str$ptr + 2943380\nE       1   chromedriver                        0x0000000102a63760 cxxbridge1$str$ptr + 2909776\nE       2   chromedriver                        0x000000010257a2bc _RNvCsgXDX2mvAJAg_7___rustc35___rust_no_alloc_shim_is_unstable_v2 + 74028\nE       3   chromedriver                        0x00000001025c18ac _RNvCsgXDX2mvAJAg_7___rustc35___rust_no_alloc_shim_is_unstable_v2 + 366364\nE       4   chromedriver                        0x0000000102602d78 _RNvCsgXDX2mvAJAg_7___rustc35___rust_no_alloc_shim_is_unstable_v2 + 633832\nE       5   chromedriver                        0x00000001025b5f10 _RNvCsgXDX2mvAJAg_7___rustc35___rust_no_alloc_shim_is_unstable_v2 + 318848\nE       6   chromedriver                        0x0000000102a2db98 cxxbridge1$str$ptr + 2689672\nE       7   chromedriver                        0x0000000102a313ac cxxbridge1$str$ptr + 2704028\nE       8   chromedriver                        0x0000000102a0ea08 cxxbridge1$str$ptr + 2562296\nE       9   chromedriver                        0x0000000102a31c84 cxxbridge1$str$ptr + 2706292\nE       10  chromedriver                        0x0000000102a00304 cxxbridge1$str$ptr + 2503156\nE       11  chromedriver                        0x0000000102a51d58 cxxbridge1$str$ptr + 2837576\nE       12  chromedriver                        0x0000000102a51edc cxxbridge1$str$ptr + 2837964\nE       13  chromedriver                        0x0000000102a633b0 cxxbridge1$str$ptr + 2908832\nE       14  libsystem_pthread.dylib             0x000000019eb3ac0c _pthread_start + 136\nE       15  libsystem_pthread.dylib             0x000000019eb35b80 thread_start + 8\n\nweb/venv/lib/python3.13/site-packages/selenium/webdriver/support/wait.py:138: TimeoutException"}, "start": 1762939045336, "stop": 1762939065969, "uuid": "bd9fb1b2-cf2d-4be9-91db-148284ece4a2", "historyId": "a71da1ac2bca2915a594cc42a4ceee44", "testCaseId": "a71da1ac2bca2915a594cc42a4ceee44", "fullName": "web.tests.companies.addCompaniesTests.addCompany_test#test_verify_success_add_company", "labels": [{"name": "parentSuite", "value": "web.tests.companies.addCompaniesTests"}, {"name": "suite", "value": "addCompany_test"}, {"name": "host", "value": "Alexandros-MacBook-Pro.local"}, {"name": "thread", "value": "52831-MainThread"}, {"name": "framework", "value": "pytest"}, {"name": "language", "value": "cpython3"}, {"name": "package", "value": "web.tests.companies.addCompaniesTests.addCompany_test"}], "titlePath": ["web", "tests", "companies", "addCompaniesTests", "addCompany_test.py"]}