{"name": "test_success_add_company", "status": "broken", "statusDetails": {"message": "selenium.common.exceptions.TimeoutException: Message:", "trace": "driver = <selenium.webdriver.chrome.webdriver.WebDriver (session=\"41fde0e6086a9a158355f4404fe645dd\")>, do_login = <function do_login.<locals>._login at 0x1053d5120>\n\n    def test_success_add_company(driver, do_login):\n        company = CompaniesPage(driver)\n    \n        do_login()\n        company.click_CompaniesMenu()\n        company.click_AddCompany()\n        company.verify_PageRegisterCompany()\n        company.input_CompanyName(\"Avenger Seven\")\n        company.input_Email(\"qatest@mail.com\")\n        company.input_Phone(\"81210002000\")\n>       company.select_IndustryType(\"hospitality\")\n\nweb/tests/companies/addCompaniesTests/addCompany_test.py:17: \n_ _ _ _ _ _ _ _ _ _ _ _ _ _ _ _ _ _ _ _ _ _ _ _ _ _ _ _ _ _ _ _ _ _ _ _ _ _ _ _ _ _ _ _ _ _ _ _ _ _ _ _ _ _ _ _ _ _ _ _ _ _ _ _ _ _ _ _ _ _ _ _ _ _ _ _ _ _ _ _ _ _ _ _ _ _ _ _ _ _ _\nweb/pages/companiesLocator/companiesLocator.py:72: in select_IndustryType\n    self.combo_value_general(text)\nweb/pages/companiesLocator/companiesLocator.py:47: in combo_value_general\n    self.find((By.XPATH, f\"//div[@id='list-combobox']//div[@data-value='{value}']\")).click()\n    ^^^^^^^^^^^^^^^^^^^^^^^^^^^^^^^^^^^^^^^^^^^^^^^^^^^^^^^^^^^^^^^^^^^^^^^^^^^^^^^^\nweb/pages/base_page.py:13: in find\n    return self.wait.until(EC.visibility_of_element_located(locator))\n           ^^^^^^^^^^^^^^^^^^^^^^^^^^^^^^^^^^^^^^^^^^^^^^^^^^^^^^^^^^\n_ _ _ _ _ _ _ _ _ _ _ _ _ _ _ _ _ _ _ _ _ _ _ _ _ _ _ _ _ _ _ _ _ _ _ _ _ _ _ _ _ _ _ _ _ _ _ _ _ _ _ _ _ _ _ _ _ _ _ _ _ _ _ _ _ _ _ _ _ _ _ _ _ _ _ _ _ _ _ _ _ _ _ _ _ _ _ _ _ _ _\n\nself = <selenium.webdriver.support.wait.WebDriverWait (session=\"41fde0e6086a9a158355f4404fe645dd\")>\nmethod = <function visibility_of_element_located.<locals>._predicate at 0x10539eca0>, message = ''\n\n    def until(self, method: Callable[[D], Union[Literal[False], T]], message: str = \"\") -> T:\n        \"\"\"Wait until the method returns a value that is not False.\n    \n        Calls the method provided with the driver as an argument until the\n        return value does not evaluate to ``False``.\n    \n        Parameters:\n        -----------\n        method: callable(WebDriver)\n            - A callable object that takes a WebDriver instance as an argument.\n    \n        message: str\n            - Optional message for :exc:`TimeoutException`\n    \n        Return:\n        -------\n        object: T\n            - The result of the last call to `method`\n    \n        Raises:\n        -------\n        TimeoutException\n            - If 'method' does not return a truthy value within the WebDriverWait\n            object's timeout\n    \n        Example:\n        --------\n        >>> from selenium.webdriver.common.by import By\n        >>> from selenium.webdriver.support.ui import WebDriverWait\n        >>> from selenium.webdriver.support import expected_conditions as EC\n    \n        # Wait until an element is visible on the page\n        >>> wait = WebDriverWait(driver, 10)\n        >>> element = wait.until(EC.visibility_of_element_located((By.ID, \"exampleId\")))\n        >>> print(element.text)\n        \"\"\"\n        screen = None\n        stacktrace = None\n    \n        end_time = time.monotonic() + self._timeout\n        while True:\n            try:\n                value = method(self._driver)\n                if value:\n                    return value\n            except self._ignored_exceptions as exc:\n                screen = getattr(exc, \"screen\", None)\n                stacktrace = getattr(exc, \"stacktrace\", None)\n            if time.monotonic() > end_time:\n                break\n            time.sleep(self._poll)\n>       raise TimeoutException(message, screen, stacktrace)\nE       selenium.common.exceptions.TimeoutException: Message:\n\nweb/venv/lib/python3.13/site-packages/selenium/webdriver/support/wait.py:138: TimeoutException"}, "start": 1762927575636, "stop": 1762927602178, "uuid": "b59b3622-703a-4601-9000-d9686b8e8afb", "historyId": "6489594b06068279775d8b8b41110afc", "testCaseId": "6489594b06068279775d8b8b41110afc", "fullName": "web.tests.companies.addCompaniesTests.addCompany_test#test_success_add_company", "labels": [{"name": "parentSuite", "value": "web.tests.companies.addCompaniesTests"}, {"name": "suite", "value": "addCompany_test"}, {"name": "host", "value": "Alexandros-MacBook-Pro.local"}, {"name": "thread", "value": "49183-MainThread"}, {"name": "framework", "value": "pytest"}, {"name": "language", "value": "cpython3"}, {"name": "package", "value": "web.tests.companies.addCompaniesTests.addCompany_test"}], "titlePath": ["web", "tests", "companies", "addCompaniesTests", "addCompany_test.py"]}